{"/workspaces/starter-pack/src/common/config/constants.ts": {"path":"/workspaces/starter-pack/src/common/config/constants.ts","statementMap":{"0":{"start":{"line":2,"column":13},"end":{"line":2,"column":65}},"1":{"start":{"line":3,"column":13},"end":{"line":3,"column":69}},"2":{"start":{"line":6,"column":13},"end":{"line":6,"column":48}},"3":{"start":{"line":9,"column":13},"end":{"line":9,"column":37}},"4":{"start":{"line":10,"column":13},"end":{"line":10,"column":48}},"5":{"start":{"line":11,"column":13},"end":{"line":11,"column":48}},"6":{"start":{"line":12,"column":13},"end":{"line":12,"column":44}},"7":{"start":{"line":13,"column":13},"end":{"line":13,"column":45}},"8":{"start":{"line":16,"column":0},"end":{"line":16,"column":null}},"9":{"start":{"line":17,"column":2},"end":{"line":17,"column":null}},"10":{"start":{"line":18,"column":2},"end":{"line":18,"column":null}},"11":{"start":{"line":22,"column":13},"end":{"line":59,"column":2}}},"fnMap":{"0":{"name":"(anonymous_0)","decl":{"start":{"line":16,"column":0},"end":{"line":16,"column":12}},"loc":{"start":{"line":16,"column":21},"end":{"line":19,"column":1}}}},"branchMap":{"0":{"loc":{"start":{"line":16,"column":12},"end":{"line":16,"column":null}},"type":"binary-expr","locations":[{"start":{"line":16,"column":12},"end":{"line":16,"column":21}},{"start":{"line":16,"column":21},"end":{"line":16,"column":null}}]}},"s":{"0":1,"1":1,"2":1,"3":1,"4":1,"5":1,"6":1,"7":1,"8":1,"9":1,"10":1,"11":1},"f":{"0":1},"b":{"0":[1,1]}}
,"/workspaces/starter-pack/src/common/utils/crypto.utils.ts": {"path":"/workspaces/starter-pack/src/common/utils/crypto.utils.ts","statementMap":{"0":{"start":{"line":1,"column":0},"end":{"line":1,"column":33}},"1":{"start":{"line":2,"column":0},"end":{"line":2,"column":36}},"2":{"start":{"line":4,"column":20},"end":{"line":4,"column":22}},"3":{"start":{"line":8,"column":4},"end":{"line":8,"column":47}},"4":{"start":{"line":15,"column":4},"end":{"line":15,"column":43}},"5":{"start":{"line":19,"column":4},"end":{"line":19,"column":20}},"6":{"start":{"line":6,"column":0},"end":{"line":6,"column":13}}},"fnMap":{"0":{"name":"(anonymous_7)","decl":{"start":{"line":7,"column":9},"end":{"line":7,"column":15}},"loc":{"start":{"line":7,"column":58},"end":{"line":9,"column":null}}},"1":{"name":"(anonymous_9)","decl":{"start":{"line":11,"column":9},"end":{"line":11,"column":15}},"loc":{"start":{"line":13,"column":16},"end":{"line":16,"column":null}}},"2":{"name":"(anonymous_11)","decl":{"start":{"line":18,"column":9},"end":{"line":18,"column":15}},"loc":{"start":{"line":18,"column":35},"end":{"line":20,"column":3}}}},"branchMap":{},"s":{"0":1,"1":1,"2":1,"3":0,"4":0,"5":0,"6":1},"f":{"0":0,"1":0,"2":0},"b":{}}
,"/workspaces/starter-pack/src/services/user-service/user.entity.ts": {"path":"/workspaces/starter-pack/src/services/user-service/user.entity.ts","statementMap":{"0":{"start":{"line":1,"column":0},"end":{"line":1,"column":null}},"1":{"start":{"line":2,"column":2},"end":{"line":2,"column":null}},"2":{"start":{"line":3,"column":2},"end":{"line":3,"column":null}},"3":{"start":{"line":4,"column":2},"end":{"line":4,"column":null}},"4":{"start":{"line":37,"column":4},"end":{"line":37,"column":41}},"5":{"start":{"line":38,"column":4},"end":{"line":38,"column":35}},"6":{"start":{"line":39,"column":4},"end":{"line":39,"column":23}},"7":{"start":{"line":40,"column":4},"end":{"line":40,"column":47}},"8":{"start":{"line":41,"column":4},"end":{"line":41,"column":45}},"9":{"start":{"line":42,"column":4},"end":{"line":42,"column":39}},"10":{"start":{"line":43,"column":4},"end":{"line":43,"column":65}},"11":{"start":{"line":44,"column":4},"end":{"line":44,"column":53}},"12":{"start":{"line":45,"column":4},"end":{"line":45,"column":57}},"13":{"start":{"line":46,"column":4},"end":{"line":46,"column":77}},"14":{"start":{"line":47,"column":4},"end":{"line":47,"column":65}},"15":{"start":{"line":48,"column":4},"end":{"line":48,"column":69}},"16":{"start":{"line":49,"column":4},"end":{"line":49,"column":59}},"17":{"start":{"line":7,"column":0},"end":{"line":7,"column":13}}},"fnMap":{"0":{"name":"(anonymous_0)","decl":{"start":{"line":1,"column":0},"end":{"line":1,"column":12}},"loc":{"start":{"line":1,"column":29},"end":{"line":5,"column":1}}},"1":{"name":"(anonymous_1)","decl":{"start":{"line":22,"column":2},"end":{"line":22,"column":null}},"loc":{"start":{"line":35,"column":41},"end":{"line":50,"column":3}}}},"branchMap":{"0":{"loc":{"start":{"line":1,"column":12},"end":{"line":1,"column":null}},"type":"binary-expr","locations":[{"start":{"line":1,"column":12},"end":{"line":1,"column":29}},{"start":{"line":1,"column":29},"end":{"line":1,"column":null}}]}},"s":{"0":1,"1":1,"2":1,"3":1,"4":1,"5":1,"6":1,"7":1,"8":1,"9":1,"10":1,"11":1,"12":1,"13":1,"14":1,"15":1,"16":1,"17":1},"f":{"0":1,"1":1},"b":{"0":[1,1]}}
,"/workspaces/starter-pack/src/services/user-service/user.service.ts": {"path":"/workspaces/starter-pack/src/services/user-service/user.service.ts","statementMap":{"0":{"start":{"line":1,"column":0},"end":{"line":1,"column":56}},"1":{"start":{"line":5,"column":0},"end":{"line":5,"column":62}},"2":{"start":{"line":6,"column":0},"end":{"line":6,"column":34}},"3":{"start":{"line":7,"column":0},"end":{"line":7,"column":36}},"4":{"start":{"line":8,"column":0},"end":{"line":8,"column":null}},"5":{"start":{"line":29,"column":21},"end":{"line":29,"column":54}},"6":{"start":{"line":30,"column":21},"end":{"line":30,"column":48}},"7":{"start":{"line":31,"column":21},"end":{"line":31,"column":46}},"8":{"start":{"line":33,"column":4},"end":{"line":36,"column":7}},"9":{"start":{"line":40,"column":4},"end":{"line":40,"column":60}},"10":{"start":{"line":40,"column":47},"end":{"line":40,"column":60}},"11":{"start":{"line":41,"column":4},"end":{"line":41,"column":63}},"12":{"start":{"line":41,"column":50},"end":{"line":41,"column":63}},"13":{"start":{"line":42,"column":4},"end":{"line":42,"column":63}},"14":{"start":{"line":42,"column":50},"end":{"line":42,"column":63}},"15":{"start":{"line":43,"column":4},"end":{"line":43,"column":59}},"16":{"start":{"line":43,"column":46},"end":{"line":43,"column":59}},"17":{"start":{"line":44,"column":4},"end":{"line":44,"column":60}},"18":{"start":{"line":44,"column":47},"end":{"line":44,"column":60}},"19":{"start":{"line":45,"column":4},"end":{"line":45,"column":16}},"20":{"start":{"line":59,"column":4},"end":{"line":62,"column":5}},"21":{"start":{"line":60,"column":6},"end":{"line":60,"column":115}},"22":{"start":{"line":61,"column":6},"end":{"line":61,"column":61}},"23":{"start":{"line":63,"column":4},"end":{"line":66,"column":5}},"24":{"start":{"line":64,"column":6},"end":{"line":64,"column":153}},"25":{"start":{"line":65,"column":6},"end":{"line":65,"column":70}},"26":{"start":{"line":69,"column":25},"end":{"line":70,"column":null}},"27":{"start":{"line":72,"column":4},"end":{"line":76,"column":5}},"28":{"start":{"line":74,"column":6},"end":{"line":74,"column":105}},"29":{"start":{"line":75,"column":6},"end":{"line":75,"column":113}},"30":{"start":{"line":79,"column":27},"end":{"line":80,"column":null}},"31":{"start":{"line":84,"column":19},"end":{"line":84,"column":52}},"32":{"start":{"line":85,"column":28},"end":{"line":85,"column":61}},"33":{"start":{"line":86,"column":37},"end":{"line":87,"column":null}},"34":{"start":{"line":90,"column":20},"end":{"line":103,"column":null}},"35":{"start":{"line":110,"column":22},"end":{"line":110,"column":66}},"36":{"start":{"line":113,"column":4},"end":{"line":117,"column":6}},"37":{"start":{"line":129,"column":8},"end":{"line":129,"column":17}},"38":{"start":{"line":128,"column":32},"end":{"line":129,"column":8}},"39":{"start":{"line":131,"column":4},"end":{"line":133,"column":null}},"40":{"start":{"line":145,"column":4},"end":{"line":148,"column":5}},"41":{"start":{"line":146,"column":6},"end":{"line":146,"column":105}},"42":{"start":{"line":147,"column":6},"end":{"line":147,"column":61}},"43":{"start":{"line":151,"column":17},"end":{"line":151,"column":79}},"44":{"start":{"line":152,"column":4},"end":{"line":154,"column":5}},"45":{"start":{"line":153,"column":6},"end":{"line":153,"column":58}},"46":{"start":{"line":157,"column":4},"end":{"line":164,"column":5}},"47":{"start":{"line":158,"column":6},"end":{"line":162,"column":7}},"48":{"start":{"line":159,"column":8},"end":{"line":161,"column":10}},"49":{"start":{"line":163,"column":6},"end":{"line":163,"column":76}},"50":{"start":{"line":167,"column":28},"end":{"line":169,"column":null}},"51":{"start":{"line":171,"column":4},"end":{"line":173,"column":5}},"52":{"start":{"line":172,"column":6},"end":{"line":172,"column":58}},"53":{"start":{"line":177,"column":18},"end":{"line":177,"column":86}},"54":{"start":{"line":180,"column":4},"end":{"line":180,"column":46}},"55":{"start":{"line":181,"column":4},"end":{"line":181,"column":48}},"56":{"start":{"line":185,"column":4},"end":{"line":185,"column":21}},"57":{"start":{"line":194,"column":17},"end":{"line":195,"column":null}},"58":{"start":{"line":198,"column":4},"end":{"line":200,"column":5}},"59":{"start":{"line":199,"column":6},"end":{"line":199,"column":65}},"60":{"start":{"line":203,"column":4},"end":{"line":212,"column":5}},"61":{"start":{"line":208,"column":6},"end":{"line":208,"column":61}},"62":{"start":{"line":209,"column":6},"end":{"line":211,"column":8}},"63":{"start":{"line":215,"column":4},"end":{"line":217,"column":5}},"64":{"start":{"line":216,"column":6},"end":{"line":216,"column":51}},"65":{"start":{"line":220,"column":4},"end":{"line":220,"column":50}},"66":{"start":{"line":221,"column":4},"end":{"line":221,"column":39}},"67":{"start":{"line":222,"column":4},"end":{"line":222,"column":49}},"68":{"start":{"line":225,"column":4},"end":{"line":225,"column":48}},"69":{"start":{"line":228,"column":4},"end":{"line":228,"column":75}},"70":{"start":{"line":240,"column":4},"end":{"line":244,"column":5}},"71":{"start":{"line":241,"column":6},"end":{"line":241,"column":126}},"72":{"start":{"line":243,"column":6},"end":{"line":243,"column":61}},"73":{"start":{"line":247,"column":17},"end":{"line":248,"column":null}},"74":{"start":{"line":251,"column":4},"end":{"line":258,"column":5}},"75":{"start":{"line":252,"column":6},"end":{"line":254,"column":8}},"76":{"start":{"line":257,"column":6},"end":{"line":257,"column":13}},"77":{"start":{"line":262,"column":4},"end":{"line":271,"column":5}},"78":{"start":{"line":266,"column":6},"end":{"line":268,"column":8}},"79":{"start":{"line":270,"column":6},"end":{"line":270,"column":13}},"80":{"start":{"line":274,"column":23},"end":{"line":274,"column":56}},"81":{"start":{"line":275,"column":27},"end":{"line":276,"column":null}},"82":{"start":{"line":279,"column":4},"end":{"line":279,"column":49}},"83":{"start":{"line":280,"column":4},"end":{"line":280,"column":55}},"84":{"start":{"line":283,"column":4},"end":{"line":283,"column":48}},"85":{"start":{"line":286,"column":4},"end":{"line":290,"column":6}},"86":{"start":{"line":299,"column":17},"end":{"line":300,"column":null}},"87":{"start":{"line":303,"column":4},"end":{"line":306,"column":5}},"88":{"start":{"line":304,"column":6},"end":{"line":304,"column":136}},"89":{"start":{"line":305,"column":6},"end":{"line":305,"column":78}},"90":{"start":{"line":309,"column":4},"end":{"line":319,"column":5}},"91":{"start":{"line":313,"column":6},"end":{"line":313,"column":153}},"92":{"start":{"line":315,"column":6},"end":{"line":315,"column":45}},"93":{"start":{"line":316,"column":6},"end":{"line":316,"column":47}},"94":{"start":{"line":317,"column":6},"end":{"line":317,"column":50}},"95":{"start":{"line":318,"column":6},"end":{"line":318,"column":76}},"96":{"start":{"line":322,"column":4},"end":{"line":325,"column":5}},"97":{"start":{"line":323,"column":6},"end":{"line":323,"column":166}},"98":{"start":{"line":324,"column":6},"end":{"line":324,"column":70}},"99":{"start":{"line":328,"column":27},"end":{"line":329,"column":null}},"100":{"start":{"line":333,"column":4},"end":{"line":333,"column":44}},"101":{"start":{"line":334,"column":4},"end":{"line":334,"column":43}},"102":{"start":{"line":335,"column":4},"end":{"line":335,"column":45}},"103":{"start":{"line":337,"column":4},"end":{"line":337,"column":48}},"104":{"start":{"line":338,"column":4},"end":{"line":338,"column":96}},"105":{"start":{"line":341,"column":4},"end":{"line":344,"column":6}},"106":{"start":{"line":25,"column":0},"end":{"line":25,"column":13}}},"fnMap":{"0":{"name":"(anonymous_8)","decl":{"start":{"line":28,"column":2},"end":{"line":28,"column":null}},"loc":{"start":{"line":31,"column":46},"end":{"line":37,"column":3}}},"1":{"name":"(anonymous_9)","decl":{"start":{"line":39,"column":10},"end":{"line":39,"column":27}},"loc":{"start":{"line":39,"column":44},"end":{"line":46,"column":3}}},"2":{"name":"(anonymous_10)","decl":{"start":{"line":57,"column":8},"end":{"line":57,"column":18}},"loc":{"start":{"line":57,"column":47},"end":{"line":135,"column":null}}},"3":{"name":"(anonymous_12)","decl":{"start":{"line":143,"column":8},"end":{"line":143,"column":17}},"loc":{"start":{"line":143,"column":44},"end":{"line":186,"column":null}}},"4":{"name":"(anonymous_14)","decl":{"start":{"line":192,"column":8},"end":{"line":192,"column":21}},"loc":{"start":{"line":192,"column":56},"end":{"line":229,"column":null}}},"5":{"name":"(anonymous_16)","decl":{"start":{"line":235,"column":8},"end":{"line":235,"column":28}},"loc":{"start":{"line":236,"column":52},"end":{"line":291,"column":null}}},"6":{"name":"(anonymous_18)","decl":{"start":{"line":297,"column":8},"end":{"line":297,"column":21}},"loc":{"start":{"line":297,"column":56},"end":{"line":345,"column":null}}}},"branchMap":{"0":{"loc":{"start":{"line":34,"column":13},"end":{"line":34,"column":44}},"type":"binary-expr","locations":[{"start":{"line":34,"column":13},"end":{"line":34,"column":34}},{"start":{"line":34,"column":38},"end":{"line":34,"column":44}}]},"1":{"loc":{"start":{"line":35,"column":17},"end":{"line":35,"column":94}},"type":"cond-expr","locations":[{"start":{"line":35,"column":57},"end":{"line":35,"column":82}},{"start":{"line":35,"column":85},"end":{"line":35,"column":94}}]},"2":{"loc":{"start":{"line":40,"column":4},"end":{"line":40,"column":60}},"type":"if","locations":[{"start":{"line":40,"column":4},"end":{"line":40,"column":60}}]},"3":{"loc":{"start":{"line":41,"column":4},"end":{"line":41,"column":63}},"type":"if","locations":[{"start":{"line":41,"column":4},"end":{"line":41,"column":63}}]},"4":{"loc":{"start":{"line":42,"column":4},"end":{"line":42,"column":63}},"type":"if","locations":[{"start":{"line":42,"column":4},"end":{"line":42,"column":63}}]},"5":{"loc":{"start":{"line":43,"column":4},"end":{"line":43,"column":59}},"type":"if","locations":[{"start":{"line":43,"column":4},"end":{"line":43,"column":59}}]},"6":{"loc":{"start":{"line":44,"column":4},"end":{"line":44,"column":60}},"type":"if","locations":[{"start":{"line":44,"column":4},"end":{"line":44,"column":60}}]},"7":{"loc":{"start":{"line":59,"column":4},"end":{"line":62,"column":5}},"type":"if","locations":[{"start":{"line":59,"column":4},"end":{"line":62,"column":5}}]},"8":{"loc":{"start":{"line":63,"column":4},"end":{"line":66,"column":5}},"type":"if","locations":[{"start":{"line":63,"column":4},"end":{"line":66,"column":5}}]},"9":{"loc":{"start":{"line":72,"column":4},"end":{"line":76,"column":5}},"type":"if","locations":[{"start":{"line":72,"column":4},"end":{"line":76,"column":5}}]},"10":{"loc":{"start":{"line":145,"column":4},"end":{"line":148,"column":5}},"type":"if","locations":[{"start":{"line":145,"column":4},"end":{"line":148,"column":5}}]},"11":{"loc":{"start":{"line":152,"column":4},"end":{"line":154,"column":5}},"type":"if","locations":[{"start":{"line":152,"column":4},"end":{"line":154,"column":5}}]},"12":{"loc":{"start":{"line":157,"column":4},"end":{"line":164,"column":5}},"type":"if","locations":[{"start":{"line":157,"column":4},"end":{"line":164,"column":5}}]},"13":{"loc":{"start":{"line":158,"column":6},"end":{"line":162,"column":7}},"type":"if","locations":[{"start":{"line":158,"column":6},"end":{"line":162,"column":7}}]},"14":{"loc":{"start":{"line":171,"column":4},"end":{"line":173,"column":5}},"type":"if","locations":[{"start":{"line":171,"column":4},"end":{"line":173,"column":5}}]},"15":{"loc":{"start":{"line":198,"column":4},"end":{"line":200,"column":5}},"type":"if","locations":[{"start":{"line":198,"column":4},"end":{"line":200,"column":5}}]},"16":{"loc":{"start":{"line":203,"column":4},"end":{"line":212,"column":5}},"type":"if","locations":[{"start":{"line":203,"column":4},"end":{"line":212,"column":5}}]},"17":{"loc":{"start":{"line":204,"column":6},"end":{"line":205,"column":56}},"type":"binary-expr","locations":[{"start":{"line":204,"column":6},"end":{"line":204,"column":44}},{"start":{"line":205,"column":6},"end":{"line":205,"column":56}}]},"18":{"loc":{"start":{"line":215,"column":4},"end":{"line":217,"column":5}},"type":"if","locations":[{"start":{"line":215,"column":4},"end":{"line":217,"column":5}}]},"19":{"loc":{"start":{"line":240,"column":4},"end":{"line":244,"column":5}},"type":"if","locations":[{"start":{"line":240,"column":4},"end":{"line":244,"column":5}}]},"20":{"loc":{"start":{"line":251,"column":4},"end":{"line":258,"column":5}},"type":"if","locations":[{"start":{"line":251,"column":4},"end":{"line":258,"column":5}}]},"21":{"loc":{"start":{"line":262,"column":4},"end":{"line":271,"column":5}},"type":"if","locations":[{"start":{"line":262,"column":4},"end":{"line":271,"column":5}}]},"22":{"loc":{"start":{"line":263,"column":6},"end":{"line":264,"column":71}},"type":"binary-expr","locations":[{"start":{"line":263,"column":6},"end":{"line":263,"column":53}},{"start":{"line":264,"column":6},"end":{"line":264,"column":71}}]},"23":{"loc":{"start":{"line":303,"column":4},"end":{"line":306,"column":5}},"type":"if","locations":[{"start":{"line":303,"column":4},"end":{"line":306,"column":5}}]},"24":{"loc":{"start":{"line":309,"column":4},"end":{"line":319,"column":5}},"type":"if","locations":[{"start":{"line":309,"column":4},"end":{"line":319,"column":5}}]},"25":{"loc":{"start":{"line":310,"column":6},"end":{"line":311,"column":52}},"type":"binary-expr","locations":[{"start":{"line":310,"column":6},"end":{"line":310,"column":40}},{"start":{"line":311,"column":6},"end":{"line":311,"column":52}}]},"26":{"loc":{"start":{"line":322,"column":4},"end":{"line":325,"column":5}},"type":"if","locations":[{"start":{"line":322,"column":4},"end":{"line":325,"column":5}}]}},"s":{"0":1,"1":1,"2":1,"3":1,"4":1,"5":27,"6":27,"7":27,"8":27,"9":8,"10":1,"11":7,"12":1,"13":6,"14":1,"15":5,"16":1,"17":4,"18":2,"19":2,"20":8,"21":1,"22":1,"23":7,"24":5,"25":5,"26":2,"27":2,"28":1,"29":1,"30":1,"31":1,"32":1,"33":1,"34":1,"35":1,"36":1,"37":1,"38":1,"39":1,"40":6,"41":1,"42":1,"43":5,"44":5,"45":1,"46":4,"47":2,"48":1,"49":1,"50":2,"51":2,"52":1,"53":1,"54":1,"55":1,"56":1,"57":4,"58":4,"59":1,"60":3,"61":1,"62":1,"63":2,"64":1,"65":1,"66":1,"67":1,"68":1,"69":1,"70":5,"71":1,"72":1,"73":4,"74":4,"75":1,"76":1,"77":3,"78":1,"79":1,"80":2,"81":2,"82":2,"83":2,"84":2,"85":2,"86":4,"87":4,"88":1,"89":1,"90":3,"91":2,"92":2,"93":2,"94":2,"95":2,"96":1,"97":1,"98":1,"99":0,"100":0,"101":0,"102":0,"103":0,"104":0,"105":0,"106":1},"f":{"0":27,"1":8,"2":8,"3":6,"4":4,"5":5,"6":4},"b":{"0":[27,27],"1":[27,0],"2":[1],"3":[1],"4":[1],"5":[1],"6":[2],"7":[1],"8":[5],"9":[1],"10":[1],"11":[1],"12":[2],"13":[1],"14":[1],"15":[1],"16":[1],"17":[3,3],"18":[1],"19":[1],"20":[1],"21":[1],"22":[3,2],"23":[1],"24":[2],"25":[3,2],"26":[1]}}
}
