TN:
SF:src/common/config/constants.ts
FN:16,(anonymous_0)
FNF:1
FNH:1
FNDA:1,(anonymous_0)
DA:2,1
DA:3,1
DA:6,1
DA:9,1
DA:10,1
DA:11,1
DA:12,1
DA:13,1
DA:16,1
DA:17,1
DA:18,1
DA:22,1
LF:12
LH:12
BRDA:16,0,0,1
BRDA:16,0,1,1
BRF:2
BRH:2
end_of_record
TN:
SF:src/common/utils/crypto.utils.ts
FN:7,(anonymous_7)
FN:11,(anonymous_9)
FN:18,(anonymous_11)
FNF:3
FNH:0
FNDA:0,(anonymous_7)
FNDA:0,(anonymous_9)
FNDA:0,(anonymous_11)
DA:1,1
DA:2,1
DA:4,1
DA:6,1
DA:8,0
DA:15,0
DA:19,0
LF:7
LH:4
BRF:0
BRH:0
end_of_record
TN:
SF:src/services/user-service/user.entity.ts
FN:1,(anonymous_0)
FN:22,(anonymous_1)
FNF:2
FNH:2
FNDA:1,(anonymous_0)
FNDA:1,(anonymous_1)
DA:1,1
DA:2,1
DA:3,1
DA:4,1
DA:7,1
DA:37,1
DA:38,1
DA:39,1
DA:40,1
DA:41,1
DA:42,1
DA:43,1
DA:44,1
DA:45,1
DA:46,1
DA:47,1
DA:48,1
DA:49,1
LF:18
LH:18
BRDA:1,0,0,1
BRDA:1,0,1,1
BRF:2
BRH:2
end_of_record
TN:
SF:src/services/user-service/user.service.ts
FN:28,(anonymous_8)
FN:39,(anonymous_9)
FN:57,(anonymous_10)
FN:143,(anonymous_12)
FN:192,(anonymous_14)
FN:235,(anonymous_16)
FN:297,(anonymous_18)
FNF:7
FNH:7
FNDA:27,(anonymous_8)
FNDA:8,(anonymous_9)
FNDA:8,(anonymous_10)
FNDA:6,(anonymous_12)
FNDA:4,(anonymous_14)
FNDA:5,(anonymous_16)
FNDA:4,(anonymous_18)
DA:1,1
DA:5,1
DA:6,1
DA:7,1
DA:8,1
DA:25,1
DA:29,27
DA:30,27
DA:31,27
DA:33,27
DA:40,8
DA:41,7
DA:42,6
DA:43,5
DA:44,4
DA:45,2
DA:59,8
DA:60,1
DA:61,1
DA:63,7
DA:64,5
DA:65,5
DA:69,2
DA:72,2
DA:74,1
DA:75,1
DA:79,1
DA:84,1
DA:85,1
DA:86,1
DA:90,1
DA:110,1
DA:113,1
DA:128,1
DA:129,1
DA:131,1
DA:145,6
DA:146,1
DA:147,1
DA:151,5
DA:152,5
DA:153,1
DA:157,4
DA:158,2
DA:159,1
DA:163,1
DA:167,2
DA:171,2
DA:172,1
DA:177,1
DA:180,1
DA:181,1
DA:185,1
DA:194,4
DA:198,4
DA:199,1
DA:203,3
DA:208,1
DA:209,1
DA:215,2
DA:216,1
DA:220,1
DA:221,1
DA:222,1
DA:225,1
DA:228,1
DA:240,5
DA:241,1
DA:243,1
DA:247,4
DA:251,4
DA:252,1
DA:257,1
DA:262,3
DA:266,1
DA:270,1
DA:274,2
DA:275,2
DA:279,2
DA:280,2
DA:283,2
DA:286,2
DA:299,4
DA:303,4
DA:304,1
DA:305,1
DA:309,3
DA:313,2
DA:315,2
DA:316,2
DA:317,2
DA:318,2
DA:322,1
DA:323,1
DA:324,1
DA:328,0
DA:333,0
DA:334,0
DA:335,0
DA:337,0
DA:338,0
DA:341,0
LF:102
LH:95
BRDA:34,0,0,27
BRDA:34,0,1,27
BRDA:35,1,0,27
BRDA:35,1,1,0
BRDA:40,2,0,1
BRDA:41,3,0,1
BRDA:42,4,0,1
BRDA:43,5,0,1
BRDA:44,6,0,2
BRDA:59,7,0,1
BRDA:63,8,0,5
BRDA:72,9,0,1
BRDA:145,10,0,1
BRDA:152,11,0,1
BRDA:157,12,0,2
BRDA:158,13,0,1
BRDA:171,14,0,1
BRDA:198,15,0,1
BRDA:203,16,0,1
BRDA:204,17,0,3
BRDA:204,17,1,3
BRDA:215,18,0,1
BRDA:240,19,0,1
BRDA:251,20,0,1
BRDA:262,21,0,1
BRDA:263,22,0,3
BRDA:263,22,1,2
BRDA:303,23,0,1
BRDA:309,24,0,2
BRDA:310,25,0,3
BRDA:310,25,1,2
BRDA:322,26,0,1
BRF:32
BRH:31
end_of_record
